2023-02-01 00:40:17,239 INFO  [org.jboss.modules] (main) JBoss Modules version 2.0.0.Final
2023-02-01 00:40:17,960 INFO  [org.jboss.msc] (main) JBoss MSC version 1.4.13.Final
2023-02-01 00:40:17,970 INFO  [org.jboss.threads] (main) JBoss Threads version 2.4.0.Final
2023-02-01 00:40:18,109 INFO  [org.jboss.as] (MSC service thread 1-2) WFLYSRV0049: Keycloak 16.1.1 (WildFly Core 18.0.4.Final) starting
2023-02-01 00:40:18,111 DEBUG [org.jboss.as.config] (MSC service thread 1-2) Configured system properties:
	[Standalone] = 
	awt.toolkit = sun.lwawt.macosx.LWCToolkit
	file.encoding = UTF-8
	file.encoding.pkg = sun.io
	file.separator = /
	ftp.nonProxyHosts = local|*.local|169.254/16|*.169.254/16
	gopherProxySet = false
	http.nonProxyHosts = local|*.local|169.254/16|*.169.254/16
	java.awt.graphicsenv = sun.awt.CGraphicsEnvironment
	java.awt.headless = true
	java.awt.printerjob = sun.lwawt.macosx.CPrinterJob
	java.class.path = /Users/user/desktop/ads/ProjetDemoKeycloak/keycloak-16.1.1/jboss-modules.jar
	java.class.version = 52.0
	java.endorsed.dirs = /Library/Java/JavaVirtualMachines/temurin-8.jdk/Contents/Home/jre/lib/endorsed
	java.ext.dirs = /Users/user/Library/Java/Extensions:/Library/Java/JavaVirtualMachines/temurin-8.jdk/Contents/Home/jre/lib/ext:/Library/Java/Extensions:/Network/Library/Java/Extensions:/System/Library/Java/Extensions:/usr/lib/java
	java.home = /Library/Java/JavaVirtualMachines/temurin-8.jdk/Contents/Home/jre
	java.io.tmpdir = /var/folders/2l/cwsryjrj55s4d9p6t41b5j6m0000gn/T/
	java.library.path = /Users/user/Library/Java/Extensions:/Library/Java/Extensions:/Network/Library/Java/Extensions:/System/Library/Java/Extensions:/usr/lib/java:.
	java.net.preferIPv4Stack = true
	java.runtime.name = OpenJDK Runtime Environment
	java.runtime.version = 1.8.0_362-b09
	java.specification.maintenance.version = 4
	java.specification.name = Java Platform API Specification
	java.specification.vendor = Oracle Corporation
	java.specification.version = 1.8
	java.util.logging.manager = org.jboss.logmanager.LogManager
	java.vendor = Temurin
	java.vendor.url = https://adoptium.net/
	java.vendor.url.bug = https://github.com/adoptium/adoptium-support/issues
	java.version = 1.8.0_362
	java.vm.info = mixed mode
	java.vm.name = OpenJDK 64-Bit Server VM
	java.vm.specification.name = Java Virtual Machine Specification
	java.vm.specification.vendor = Oracle Corporation
	java.vm.specification.version = 1.8
	java.vm.vendor = Temurin
	java.vm.version = 25.362-b09
	javax.management.builder.initial = org.jboss.as.jmx.PluggableMBeanServerBuilder
	jboss.home.dir = /Users/user/desktop/ads/ProjetDemoKeycloak/keycloak-16.1.1
	jboss.host.name = mbp-de-user
	jboss.modules.dir = /Users/user/desktop/ads/ProjetDemoKeycloak/keycloak-16.1.1/modules
	jboss.modules.system.pkgs = org.jboss.byteman
	jboss.node.name = mbp-de-user
	jboss.qualified.host.name = mbp-de-user
	jboss.server.base.dir = /Users/user/desktop/ads/ProjetDemoKeycloak/keycloak-16.1.1/standalone
	jboss.server.config.dir = /Users/user/desktop/ads/ProjetDemoKeycloak/keycloak-16.1.1/standalone/configuration
	jboss.server.data.dir = /Users/user/desktop/ads/ProjetDemoKeycloak/keycloak-16.1.1/standalone/data
	jboss.server.deploy.dir = /Users/user/desktop/ads/ProjetDemoKeycloak/keycloak-16.1.1/standalone/data/content
	jboss.server.log.dir = /Users/user/desktop/ads/ProjetDemoKeycloak/keycloak-16.1.1/standalone/log
	jboss.server.name = mbp-de-user
	jboss.server.persist.config = true
	jboss.server.temp.dir = /Users/user/desktop/ads/ProjetDemoKeycloak/keycloak-16.1.1/standalone/tmp
	line.separator = 

	logging.configuration = file:/Users/user/desktop/ads/ProjetDemoKeycloak/keycloak-16.1.1/standalone/configuration/logging.properties
	module.path = /Users/user/desktop/ads/ProjetDemoKeycloak/keycloak-16.1.1/modules
	org.jboss.boot.log.file = /Users/user/desktop/ads/ProjetDemoKeycloak/keycloak-16.1.1/standalone/log/server.log
	org.jboss.resolver.warning = true
	os.arch = x86_64
	os.name = Mac OS X
	os.version = 13.2
	path.separator = :
	socksNonProxyHosts = local|*.local|169.254/16|*.169.254/16
	sun.arch.data.model = 64
	sun.boot.class.path = /Library/Java/JavaVirtualMachines/temurin-8.jdk/Contents/Home/jre/lib/resources.jar:/Library/Java/JavaVirtualMachines/temurin-8.jdk/Contents/Home/jre/lib/rt.jar:/Library/Java/JavaVirtualMachines/temurin-8.jdk/Contents/Home/jre/lib/sunrsasign.jar:/Library/Java/JavaVirtualMachines/temurin-8.jdk/Contents/Home/jre/lib/jsse.jar:/Library/Java/JavaVirtualMachines/temurin-8.jdk/Contents/Home/jre/lib/jce.jar:/Library/Java/JavaVirtualMachines/temurin-8.jdk/Contents/Home/jre/lib/charsets.jar:/Library/Java/JavaVirtualMachines/temurin-8.jdk/Contents/Home/jre/lib/jfr.jar:/Library/Java/JavaVirtualMachines/temurin-8.jdk/Contents/Home/jre/classes
	sun.boot.library.path = /Library/Java/JavaVirtualMachines/temurin-8.jdk/Contents/Home/jre/lib
	sun.cpu.endian = little
	sun.cpu.isalist = 
	sun.io.unicode.encoding = UnicodeBig
	sun.java.command = /Users/user/desktop/ads/ProjetDemoKeycloak/keycloak-16.1.1/jboss-modules.jar -mp /Users/user/desktop/ads/ProjetDemoKeycloak/keycloak-16.1.1/modules org.jboss.as.standalone -Djboss.home.dir=/Users/user/desktop/ads/ProjetDemoKeycloak/keycloak-16.1.1 -Djboss.server.base.dir=/Users/user/desktop/ads/ProjetDemoKeycloak/keycloak-16.1.1/standalone
	sun.java.launcher = SUN_STANDARD
	sun.jnu.encoding = UTF-8
	sun.management.compiler = HotSpot 64-Bit Tiered Compilers
	sun.os.patch.level = unknown
	user.country = MA
	user.dir = /Users/user/Desktop/Ads/ProjetDemoKeycloak/keycloak-16.1.1/bin
	user.home = /Users/user
	user.language = en
	user.name = user
	user.timezone = Africa/El_Aaiun
2023-02-01 00:40:18,112 DEBUG [org.jboss.as.config] (MSC service thread 1-2) VM Arguments: -D[Standalone] -Xms64m -Xmx512m -XX:MetaspaceSize=96M -XX:MaxMetaspaceSize=256m -Djava.net.preferIPv4Stack=true -Djboss.modules.system.pkgs=org.jboss.byteman -Djava.awt.headless=true -Dorg.jboss.boot.log.file=/Users/user/desktop/ads/ProjetDemoKeycloak/keycloak-16.1.1/standalone/log/server.log -Dlogging.configuration=file:/Users/user/desktop/ads/ProjetDemoKeycloak/keycloak-16.1.1/standalone/configuration/logging.properties 
2023-02-01 00:40:18,741 INFO  [org.wildfly.security] (ServerService Thread Pool -- 19) ELY00001: WildFly Elytron version 1.18.3.Final
2023-02-01 00:40:19,332 INFO  [org.jboss.as.server] (Controller Boot Thread) WFLYSRV0039: Creating http management service using socket-binding (management-http)
2023-02-01 00:40:19,351 INFO  [org.xnio] (MSC service thread 1-4) XNIO version 3.8.5.Final
2023-02-01 00:40:19,359 INFO  [org.xnio.nio] (MSC service thread 1-4) XNIO NIO Implementation Version 3.8.5.Final
2023-02-01 00:40:19,380 INFO  [org.jboss.as.jaxrs] (ServerService Thread Pool -- 38) WFLYRS0016: RESTEasy version 4.7.4.Final
2023-02-01 00:40:19,381 INFO  [org.jboss.as.clustering.infinispan] (ServerService Thread Pool -- 36) WFLYCLINF0001: Activating Infinispan subsystem.
2023-02-01 00:40:19,381 INFO  [org.wildfly.extension.health] (ServerService Thread Pool -- 35) WFLYHEALTH0001: Activating Base Health Subsystem
2023-02-01 00:40:19,383 INFO  [org.wildfly.extension.io] (ServerService Thread Pool -- 37) WFLYIO001: Worker 'default' has auto-configured to 24 IO threads with 192 max task threads based on your 12 available processors
2023-02-01 00:40:19,384 WARN  [org.jboss.as.txn] (ServerService Thread Pool -- 49) WFLYTX0013: The node-identifier attribute on the /subsystem=transactions is set to the default value. This is a danger for environments running multiple servers. Please make sure the attribute value is unique.
2023-02-01 00:40:19,389 INFO  [org.jboss.as.naming] (ServerService Thread Pool -- 45) WFLYNAM0001: Activating Naming Subsystem
2023-02-01 00:40:19,415 INFO  [org.wildfly.extension.metrics] (ServerService Thread Pool -- 44) WFLYMETRICS0001: Activating Base Metrics Subsystem
2023-02-01 00:40:19,418 INFO  [org.jboss.as.connector] (MSC service thread 1-6) WFLYJCA0009: Starting Jakarta Connectors Subsystem (WildFly/IronJacamar 1.5.3.Final)
2023-02-01 00:40:19,443 INFO  [org.jboss.as.connector.subsystems.datasources] (ServerService Thread Pool -- 30) WFLYJCA0004: Deploying JDBC-compliant driver class org.h2.Driver (version 1.4)
2023-02-01 00:40:19,460 INFO  [org.jboss.as.connector.deployers.jdbc] (MSC service thread 1-3) WFLYJCA0018: Started Driver service with driver-name = h2
2023-02-01 00:40:19,461 INFO  [org.jboss.as.naming] (MSC service thread 1-2) WFLYNAM0003: Starting Naming Service
2023-02-01 00:40:19,462 INFO  [org.jboss.as.mail.extension] (MSC service thread 1-8) WFLYMAIL0001: Bound mail session [java:jboss/mail/Default]
2023-02-01 00:40:19,470 WARN  [org.wildfly.extension.elytron] (MSC service thread 1-2) WFLYELY00023: KeyStore file '/Users/user/desktop/ads/ProjetDemoKeycloak/keycloak-16.1.1/standalone/configuration/application.keystore' does not exist. Used blank.
2023-02-01 00:40:19,472 INFO  [org.jboss.remoting] (MSC service thread 1-1) JBoss Remoting version 5.0.23.Final
2023-02-01 00:40:19,480 WARN  [org.wildfly.extension.elytron] (MSC service thread 1-2) WFLYELY01084: KeyStore /Users/user/desktop/ads/ProjetDemoKeycloak/keycloak-16.1.1/standalone/configuration/application.keystore not found, it will be auto generated on first use with a self-signed certificate for host localhost
2023-02-01 00:40:19,508 INFO  [org.wildfly.extension.undertow] (MSC service thread 1-1) WFLYUT0003: Undertow 2.2.14.Final starting
2023-02-01 00:40:19,524 INFO  [org.jboss.as.ejb3] (MSC service thread 1-6) WFLYEJB0481: Strict pool slsb-strict-max-pool is using a max instance size of 192 (per class), which is derived from thread worker pool sizing.
2023-02-01 00:40:19,524 INFO  [org.jboss.as.ejb3] (MSC service thread 1-7) WFLYEJB0482: Strict pool mdb-strict-max-pool is using a max instance size of 48 (per class), which is derived from the number of CPUs on this host.
2023-02-01 00:40:19,530 WARN  [org.wildfly.clustering.web.undertow] (ServerService Thread Pool -- 50) WFLYCLWEBUT0007: No routing provider found for default-server; using legacy provider based on static configuration
2023-02-01 00:40:19,560 INFO  [org.wildfly.extension.undertow] (ServerService Thread Pool -- 50) WFLYUT0014: Creating file handler for path '/Users/user/desktop/ads/ProjetDemoKeycloak/keycloak-16.1.1/welcome-content' with options [directory-listing: 'false', follow-symlink: 'false', case-sensitive: 'true', safe-symlink-paths: '[]']
2023-02-01 00:40:19,567 INFO  [org.wildfly.extension.undertow] (MSC service thread 1-8) WFLYUT0012: Started server default-server.
2023-02-01 00:40:19,568 INFO  [org.wildfly.extension.undertow] (MSC service thread 1-6) Queuing requests.
2023-02-01 00:40:19,569 INFO  [org.wildfly.extension.undertow] (MSC service thread 1-6) WFLYUT0018: Host default-host starting
2023-02-01 00:40:19,696 INFO  [org.wildfly.extension.undertow] (MSC service thread 1-8) WFLYUT0006: Undertow HTTP listener default listening on 127.0.0.1:8080
2023-02-01 00:40:19,730 INFO  [org.jboss.as.ejb3] (MSC service thread 1-6) WFLYEJB0493: Jakarta Enterprise Beans subsystem suspension complete
2023-02-01 00:40:19,754 INFO  [org.wildfly.extension.undertow] (MSC service thread 1-2) WFLYUT0006: Undertow HTTPS listener https listening on 127.0.0.1:8443
2023-02-01 00:40:19,786 INFO  [org.jboss.as.connector.subsystems.datasources] (MSC service thread 1-8) WFLYJCA0001: Bound data source [java:jboss/datasources/KeycloakDS]
2023-02-01 00:40:19,786 INFO  [org.jboss.as.connector.subsystems.datasources] (MSC service thread 1-5) WFLYJCA0001: Bound data source [java:jboss/datasources/ExampleDS]
2023-02-01 00:40:19,915 INFO  [org.jboss.as.patching] (MSC service thread 1-1) WFLYPAT0050: Keycloak cumulative patch ID is: base, one-off patches include: none
2023-02-01 00:40:19,918 INFO  [org.jboss.as.server.deployment.scanner] (MSC service thread 1-8) WFLYDS0013: Started FileSystemDeploymentService for directory /Users/user/desktop/ads/ProjetDemoKeycloak/keycloak-16.1.1/standalone/deployments
2023-02-01 00:40:19,927 INFO  [org.jboss.as.server.deployment] (MSC service thread 1-1) WFLYSRV0027: Starting deployment of "keycloak-server.war" (runtime-name: "keycloak-server.war")
2023-02-01 00:40:20,638 INFO  [org.infinispan.CONTAINER] (ServerService Thread Pool -- 53) ISPN000128: Infinispan version: Infinispan 'Taedonggang' 12.1.7.Final
2023-02-01 00:40:20,683 INFO  [org.infinispan.CONFIG] (MSC service thread 1-4) ISPN000152: Passivation configured without an eviction policy being selected. Only manually evicted entities will be passivated.
2023-02-01 00:40:20,684 INFO  [org.infinispan.CONFIG] (MSC service thread 1-4) ISPN000152: Passivation configured without an eviction policy being selected. Only manually evicted entities will be passivated.
2023-02-01 00:40:20,717 INFO  [org.infinispan.CONTAINER] (ServerService Thread Pool -- 53) ISPN000556: Starting user marshaller 'org.wildfly.clustering.infinispan.spi.marshalling.InfinispanProtoStreamMarshaller'
2023-02-01 00:40:20,717 INFO  [org.infinispan.CONTAINER] (ServerService Thread Pool -- 52) ISPN000556: Starting user marshaller 'org.wildfly.clustering.infinispan.marshalling.jboss.JBossMarshaller'
2023-02-01 00:40:20,966 INFO  [org.jboss.as.clustering.infinispan] (ServerService Thread Pool -- 53) WFLYCLINF0002: Started http-remoting-connector cache from ejb container
2023-02-01 00:40:21,000 INFO  [org.jboss.as.clustering.infinispan] (ServerService Thread Pool -- 64) WFLYCLINF0002: Started clientSessions cache from keycloak container
2023-02-01 00:40:21,001 INFO  [org.jboss.as.clustering.infinispan] (ServerService Thread Pool -- 60) WFLYCLINF0002: Started sessions cache from keycloak container
2023-02-01 00:40:21,001 INFO  [org.jboss.as.clustering.infinispan] (ServerService Thread Pool -- 63) WFLYCLINF0002: Started work cache from keycloak container
2023-02-01 00:40:21,002 INFO  [org.jboss.as.clustering.infinispan] (ServerService Thread Pool -- 55) WFLYCLINF0002: Started offlineClientSessions cache from keycloak container
2023-02-01 00:40:21,004 INFO  [org.jboss.as.clustering.infinispan] (ServerService Thread Pool -- 57) WFLYCLINF0002: Started authenticationSessions cache from keycloak container
2023-02-01 00:40:21,004 INFO  [org.jboss.as.clustering.infinispan] (ServerService Thread Pool -- 59) WFLYCLINF0002: Started loginFailures cache from keycloak container
2023-02-01 00:40:21,004 INFO  [org.jboss.as.clustering.infinispan] (ServerService Thread Pool -- 54) WFLYCLINF0002: Started actionTokens cache from keycloak container
2023-02-01 00:40:21,005 INFO  [org.jboss.as.clustering.infinispan] (ServerService Thread Pool -- 62) WFLYCLINF0002: Started offlineSessions cache from keycloak container
2023-02-01 00:40:21,045 INFO  [org.jboss.as.clustering.infinispan] (ServerService Thread Pool -- 61) WFLYCLINF0002: Started users cache from keycloak container
2023-02-01 00:40:21,045 INFO  [org.jboss.as.clustering.infinispan] (ServerService Thread Pool -- 58) WFLYCLINF0002: Started realms cache from keycloak container
2023-02-01 00:40:21,045 INFO  [org.jboss.as.clustering.infinispan] (ServerService Thread Pool -- 52) WFLYCLINF0002: Started authorization cache from keycloak container
2023-02-01 00:40:21,048 INFO  [org.jboss.as.clustering.infinispan] (ServerService Thread Pool -- 56) WFLYCLINF0002: Started keys cache from keycloak container
2023-02-01 00:40:21,207 WARN  [org.jboss.as.server.deployment] (MSC service thread 1-6) WFLYSRV0273: Excluded subsystem webservices via jboss-deployment-structure.xml does not exist.
2023-02-01 00:40:21,552 INFO  [org.keycloak.services] (ServerService Thread Pool -- 52) KC-SERVICES0001: Loading config from standalone.xml or domain.xml
2023-02-01 00:40:21,795 INFO  [org.keycloak.url.DefaultHostnameProviderFactory] (ServerService Thread Pool -- 52) Frontend: <request>, Admin: <frontend>, Backend: <request>
2023-02-01 00:40:22,236 INFO  [org.jboss.as.clustering.infinispan] (ServerService Thread Pool -- 52) WFLYCLINF0002: Started realmRevisions cache from keycloak container
2023-02-01 00:40:22,240 INFO  [org.jboss.as.clustering.infinispan] (ServerService Thread Pool -- 52) WFLYCLINF0002: Started userRevisions cache from keycloak container
2023-02-01 00:40:22,244 INFO  [org.jboss.as.clustering.infinispan] (ServerService Thread Pool -- 52) WFLYCLINF0002: Started authorizationRevisions cache from keycloak container
2023-02-01 00:40:22,245 INFO  [org.keycloak.connections.infinispan.DefaultInfinispanConnectionProviderFactory] (ServerService Thread Pool -- 52) Node name: mbp-de-user, Site name: null
2023-02-01 00:40:23,298 INFO  [org.keycloak.connections.jpa.DefaultJpaConnectionProviderFactory] (ServerService Thread Pool -- 52) Database info: {databaseUrl=jdbc:h2:/Users/user/desktop/ads/ProjetDemoKeycloak/keycloak-16.1.1/standalone/data/keycloak, databaseUser=SA, databaseProduct=H2 1.4.197 (2018-03-18), databaseDriver=H2 JDBC Driver 1.4.197 (2018-03-18)}
2023-02-01 00:40:24,237 INFO  [org.hibernate.jpa.internal.util.LogHelper] (ServerService Thread Pool -- 52) HHH000204: Processing PersistenceUnitInfo [
	name: keycloak-default
	...]
2023-02-01 00:40:24,305 INFO  [org.hibernate.Version] (ServerService Thread Pool -- 52) HHH000412: Hibernate Core {5.3.24.Final}
2023-02-01 00:40:24,306 INFO  [org.hibernate.cfg.Environment] (ServerService Thread Pool -- 52) HHH000206: hibernate.properties not found
2023-02-01 00:40:24,466 INFO  [org.hibernate.annotations.common.Version] (ServerService Thread Pool -- 52) HCANN000001: Hibernate Commons Annotations {5.0.5.Final}
2023-02-01 00:40:24,628 INFO  [org.hibernate.dialect.Dialect] (ServerService Thread Pool -- 52) HHH000400: Using dialect: org.hibernate.dialect.H2Dialect
2023-02-01 00:40:24,678 INFO  [org.hibernate.envers.boot.internal.EnversServiceImpl] (ServerService Thread Pool -- 52) Envers integration enabled? : true
2023-02-01 00:40:24,943 INFO  [org.hibernate.orm.beans] (ServerService Thread Pool -- 52) HHH10005002: No explicit CDI BeanManager reference was passed to Hibernate, but CDI is available on the Hibernate ClassLoader.
2023-02-01 00:40:25,176 INFO  [org.hibernate.validator.internal.util.Version] (ServerService Thread Pool -- 52) HV000001: Hibernate Validator 6.0.22.Final
2023-02-01 00:40:26,108 INFO  [org.hibernate.hql.internal.QueryTranslatorFactoryInitiator] (ServerService Thread Pool -- 52) HHH000397: Using ASTQueryTranslatorFactory
2023-02-01 00:40:27,162 INFO  [org.jboss.resteasy.resteasy_jaxrs.i18n] (ServerService Thread Pool -- 52) RESTEASY002225: Deploying javax.ws.rs.core.Application: class org.keycloak.services.resources.KeycloakApplication
2023-02-01 00:40:27,164 INFO  [org.jboss.resteasy.resteasy_jaxrs.i18n] (ServerService Thread Pool -- 52) RESTEASY002205: Adding provider class org.keycloak.services.filters.KeycloakSecurityHeadersFilter from Application class org.keycloak.services.resources.KeycloakApplication
2023-02-01 00:40:27,165 INFO  [org.jboss.resteasy.resteasy_jaxrs.i18n] (ServerService Thread Pool -- 52) RESTEASY002200: Adding class resource org.keycloak.services.resources.ThemeResource from Application class org.keycloak.services.resources.KeycloakApplication
2023-02-01 00:40:27,165 INFO  [org.jboss.resteasy.resteasy_jaxrs.i18n] (ServerService Thread Pool -- 52) RESTEASY002205: Adding provider class org.keycloak.services.error.KeycloakErrorHandler from Application class org.keycloak.services.resources.KeycloakApplication
2023-02-01 00:40:27,165 INFO  [org.jboss.resteasy.resteasy_jaxrs.i18n] (ServerService Thread Pool -- 52) RESTEASY002200: Adding class resource org.keycloak.services.resources.JsResource from Application class org.keycloak.services.resources.KeycloakApplication
2023-02-01 00:40:27,165 INFO  [org.jboss.resteasy.resteasy_jaxrs.i18n] (ServerService Thread Pool -- 52) RESTEASY002220: Adding singleton resource org.keycloak.services.resources.RobotsResource from Application class org.keycloak.services.resources.KeycloakApplication
2023-02-01 00:40:27,166 INFO  [org.jboss.resteasy.resteasy_jaxrs.i18n] (ServerService Thread Pool -- 52) RESTEASY002220: Adding singleton resource org.keycloak.services.resources.admin.AdminRoot from Application class org.keycloak.services.resources.KeycloakApplication
2023-02-01 00:40:27,166 INFO  [org.jboss.resteasy.resteasy_jaxrs.i18n] (ServerService Thread Pool -- 52) RESTEASY002210: Adding provider singleton org.keycloak.services.util.ObjectMapperResolver from Application class org.keycloak.services.resources.KeycloakApplication
2023-02-01 00:40:27,166 INFO  [org.jboss.resteasy.resteasy_jaxrs.i18n] (ServerService Thread Pool -- 52) RESTEASY002220: Adding singleton resource org.keycloak.services.resources.RealmsResource from Application class org.keycloak.services.resources.KeycloakApplication
2023-02-01 00:40:27,166 INFO  [org.jboss.resteasy.resteasy_jaxrs.i18n] (ServerService Thread Pool -- 52) RESTEASY002220: Adding singleton resource org.keycloak.services.resources.WelcomeResource from Application class org.keycloak.services.resources.KeycloakApplication
2023-02-01 00:40:27,263 INFO  [org.wildfly.extension.undertow] (ServerService Thread Pool -- 52) WFLYUT0021: Registered web context: '/auth' for server 'default-server'
2023-02-01 00:40:27,338 INFO  [org.jboss.as.server] (ServerService Thread Pool -- 42) WFLYSRV0010: Deployed "keycloak-server.war" (runtime-name : "keycloak-server.war")
2023-02-01 00:40:27,380 INFO  [org.jboss.as.server] (Controller Boot Thread) WFLYSRV0212: Resuming server
2023-02-01 00:40:27,386 INFO  [org.jboss.as] (Controller Boot Thread) WFLYSRV0025: Keycloak 16.1.1 (WildFly Core 18.0.4.Final) started in 10547ms - Started 573 of 851 services (576 services are lazy, passive or on-demand)
2023-02-01 00:40:27,390 INFO  [org.jboss.as] (Controller Boot Thread) WFLYSRV0060: Http management interface listening on http://127.0.0.1:9990/management
2023-02-01 00:40:27,390 INFO  [org.jboss.as] (Controller Boot Thread) WFLYSRV0051: Admin console listening on http://127.0.0.1:9990
2023-02-01 00:41:35,146 INFO  [org.jboss.as.server] (Thread-2) WFLYSRV0272: Suspending server
2023-02-01 00:41:35,151 INFO  [org.jboss.as.ejb3] (Thread-2) WFLYEJB0493: Jakarta Enterprise Beans subsystem suspension complete
2023-02-01 00:41:35,154 INFO  [org.jboss.as.server] (Thread-2) WFLYSRV0220: Server shutdown has been requested via an OS signal
2023-02-01 00:41:35,163 INFO  [org.jboss.as.connector.subsystems.datasources] (MSC service thread 1-4) WFLYJCA0010: Unbound data source [java:jboss/datasources/KeycloakDS]
2023-02-01 00:41:35,164 INFO  [org.jboss.as.mail.extension] (MSC service thread 1-8) WFLYMAIL0002: Unbound mail session [java:jboss/mail/Default]
2023-02-01 00:41:35,165 INFO  [org.wildfly.extension.undertow] (MSC service thread 1-6) WFLYUT0008: Undertow HTTPS listener https suspending
2023-02-01 00:41:35,168 INFO  [org.wildfly.extension.undertow] (ServerService Thread Pool -- 67) WFLYUT0022: Unregistered web context: '/auth' from server 'default-server'
2023-02-01 00:41:35,168 INFO  [org.wildfly.extension.undertow] (MSC service thread 1-6) WFLYUT0007: Undertow HTTPS listener https stopped, was bound to 127.0.0.1:8443
2023-02-01 00:41:35,180 INFO  [org.wildfly.extension.undertow] (MSC service thread 1-4) WFLYUT0019: Host default-host stopping
2023-02-01 00:41:35,181 INFO  [org.jboss.as.connector.subsystems.datasources] (MSC service thread 1-8) WFLYJCA0010: Unbound data source [java:jboss/datasources/ExampleDS]
2023-02-01 00:41:35,181 INFO  [org.jboss.as.connector.deployers.jdbc] (MSC service thread 1-5) WFLYJCA0019: Stopped Driver service with driver-name = h2
2023-02-01 00:41:35,191 INFO  [org.jboss.as.server.deployment] (MSC service thread 1-8) WFLYSRV0028: Stopped deployment keycloak-server.war (runtime-name: keycloak-server.war) in 34ms
2023-02-01 00:41:35,193 INFO  [org.jboss.as.clustering.infinispan] (ServerService Thread Pool -- 76) WFLYCLINF0003: Stopped offlineClientSessions cache from keycloak container
2023-02-01 00:41:35,193 INFO  [org.jboss.as.clustering.infinispan] (ServerService Thread Pool -- 68) WFLYCLINF0003: Stopped offlineSessions cache from keycloak container
2023-02-01 00:41:35,193 INFO  [org.jboss.as.clustering.infinispan] (ServerService Thread Pool -- 69) WFLYCLINF0003: Stopped actionTokens cache from keycloak container
2023-02-01 00:41:35,194 INFO  [org.jboss.as.clustering.infinispan] (ServerService Thread Pool -- 77) WFLYCLINF0003: Stopped users cache from keycloak container
2023-02-01 00:41:35,196 INFO  [org.jboss.as.clustering.infinispan] (ServerService Thread Pool -- 74) WFLYCLINF0003: Stopped sessions cache from keycloak container
2023-02-01 00:41:35,197 INFO  [org.jboss.as.clustering.infinispan] (ServerService Thread Pool -- 75) WFLYCLINF0003: Stopped authenticationSessions cache from keycloak container
2023-02-01 00:41:35,198 INFO  [org.jboss.as.clustering.infinispan] (ServerService Thread Pool -- 67) WFLYCLINF0003: Stopped loginFailures cache from keycloak container
2023-02-01 00:41:35,199 INFO  [org.jboss.as.clustering.infinispan] (ServerService Thread Pool -- 78) WFLYCLINF0003: Stopped clientSessions cache from keycloak container
2023-02-01 00:41:35,199 INFO  [org.jboss.as.clustering.infinispan] (ServerService Thread Pool -- 72) WFLYCLINF0003: Stopped work cache from keycloak container
2023-02-01 00:41:35,200 INFO  [org.jboss.as.clustering.infinispan] (ServerService Thread Pool -- 70) WFLYCLINF0003: Stopped keys cache from keycloak container
2023-02-01 00:41:35,200 INFO  [org.jboss.as.clustering.infinispan] (ServerService Thread Pool -- 73) WFLYCLINF0003: Stopped authorization cache from keycloak container
2023-02-01 00:41:35,202 INFO  [org.wildfly.extension.undertow] (MSC service thread 1-4) WFLYUT0008: Undertow HTTP listener default suspending
2023-02-01 00:41:35,202 INFO  [org.wildfly.extension.undertow] (MSC service thread 1-4) WFLYUT0007: Undertow HTTP listener default stopped, was bound to 127.0.0.1:8080
2023-02-01 00:41:35,205 INFO  [org.wildfly.extension.undertow] (MSC service thread 1-5) WFLYUT0004: Undertow 2.2.14.Final stopping
2023-02-01 00:41:35,207 INFO  [org.jboss.as.clustering.infinispan] (ServerService Thread Pool -- 71) WFLYCLINF0003: Stopped realms cache from keycloak container
2023-02-01 00:41:35,209 INFO  [org.infinispan.manager.DefaultCacheManager] (ServerService Thread Pool -- 70) Stopping cache manager null on null
2023-02-01 00:41:35,210 INFO  [org.jboss.as.clustering.infinispan] (ServerService Thread Pool -- 52) WFLYCLINF0003: Stopped http-remoting-connector cache from ejb container
2023-02-01 00:41:35,210 INFO  [org.infinispan.manager.DefaultCacheManager] (ServerService Thread Pool -- 52) Stopping cache manager null on null
2023-02-01 00:41:35,218 INFO  [org.jboss.as] (MSC service thread 1-2) WFLYSRV0050: Keycloak 16.1.1 (WildFly Core 18.0.4.Final) stopped in 61ms
2023-02-01 00:41:37,825 INFO  [org.jboss.modules] (main) JBoss Modules version 2.0.0.Final
2023-02-01 00:41:38,173 INFO  [org.jboss.msc] (main) JBoss MSC version 1.4.13.Final
2023-02-01 00:41:38,181 INFO  [org.jboss.threads] (main) JBoss Threads version 2.4.0.Final
2023-02-01 00:41:38,280 INFO  [org.jboss.as] (MSC service thread 1-2) WFLYSRV0049: Keycloak 16.1.1 (WildFly Core 18.0.4.Final) starting
2023-02-01 00:41:38,281 DEBUG [org.jboss.as.config] (MSC service thread 1-2) Configured system properties:
	[Standalone] = 
	awt.toolkit = sun.lwawt.macosx.LWCToolkit
	file.encoding = UTF-8
	file.encoding.pkg = sun.io
	file.separator = /
	ftp.nonProxyHosts = local|*.local|169.254/16|*.169.254/16
	gopherProxySet = false
	http.nonProxyHosts = local|*.local|169.254/16|*.169.254/16
	java.awt.graphicsenv = sun.awt.CGraphicsEnvironment
	java.awt.headless = true
	java.awt.printerjob = sun.lwawt.macosx.CPrinterJob
	java.class.path = /Users/user/desktop/ads/ProjetDemoKeycloak/keycloak-16.1.1/jboss-modules.jar
	java.class.version = 52.0
	java.endorsed.dirs = /Library/Java/JavaVirtualMachines/temurin-8.jdk/Contents/Home/jre/lib/endorsed
	java.ext.dirs = /Users/user/Library/Java/Extensions:/Library/Java/JavaVirtualMachines/temurin-8.jdk/Contents/Home/jre/lib/ext:/Library/Java/Extensions:/Network/Library/Java/Extensions:/System/Library/Java/Extensions:/usr/lib/java
	java.home = /Library/Java/JavaVirtualMachines/temurin-8.jdk/Contents/Home/jre
	java.io.tmpdir = /var/folders/2l/cwsryjrj55s4d9p6t41b5j6m0000gn/T/
	java.library.path = /Users/user/Library/Java/Extensions:/Library/Java/Extensions:/Network/Library/Java/Extensions:/System/Library/Java/Extensions:/usr/lib/java:.
	java.net.preferIPv4Stack = true
	java.runtime.name = OpenJDK Runtime Environment
	java.runtime.version = 1.8.0_362-b09
	java.specification.maintenance.version = 4
	java.specification.name = Java Platform API Specification
	java.specification.vendor = Oracle Corporation
	java.specification.version = 1.8
	java.util.logging.manager = org.jboss.logmanager.LogManager
	java.vendor = Temurin
	java.vendor.url = https://adoptium.net/
	java.vendor.url.bug = https://github.com/adoptium/adoptium-support/issues
	java.version = 1.8.0_362
	java.vm.info = mixed mode
	java.vm.name = OpenJDK 64-Bit Server VM
	java.vm.specification.name = Java Virtual Machine Specification
	java.vm.specification.vendor = Oracle Corporation
	java.vm.specification.version = 1.8
	java.vm.vendor = Temurin
	java.vm.version = 25.362-b09
	javax.management.builder.initial = org.jboss.as.jmx.PluggableMBeanServerBuilder
	jboss.home.dir = /Users/user/desktop/ads/ProjetDemoKeycloak/keycloak-16.1.1
	jboss.host.name = mbp-de-user
	jboss.modules.dir = /Users/user/desktop/ads/ProjetDemoKeycloak/keycloak-16.1.1/modules
	jboss.modules.system.pkgs = org.jboss.byteman
	jboss.node.name = mbp-de-user
	jboss.qualified.host.name = mbp-de-user
	jboss.server.base.dir = /Users/user/desktop/ads/ProjetDemoKeycloak/keycloak-16.1.1/standalone
	jboss.server.config.dir = /Users/user/desktop/ads/ProjetDemoKeycloak/keycloak-16.1.1/standalone/configuration
	jboss.server.data.dir = /Users/user/desktop/ads/ProjetDemoKeycloak/keycloak-16.1.1/standalone/data
	jboss.server.deploy.dir = /Users/user/desktop/ads/ProjetDemoKeycloak/keycloak-16.1.1/standalone/data/content
	jboss.server.log.dir = /Users/user/desktop/ads/ProjetDemoKeycloak/keycloak-16.1.1/standalone/log
	jboss.server.name = mbp-de-user
	jboss.server.persist.config = true
	jboss.server.temp.dir = /Users/user/desktop/ads/ProjetDemoKeycloak/keycloak-16.1.1/standalone/tmp
	line.separator = 

	logging.configuration = file:/Users/user/desktop/ads/ProjetDemoKeycloak/keycloak-16.1.1/standalone/configuration/logging.properties
	module.path = /Users/user/desktop/ads/ProjetDemoKeycloak/keycloak-16.1.1/modules
	org.jboss.boot.log.file = /Users/user/desktop/ads/ProjetDemoKeycloak/keycloak-16.1.1/standalone/log/server.log
	org.jboss.resolver.warning = true
	os.arch = x86_64
	os.name = Mac OS X
	os.version = 13.2
	path.separator = :
	socksNonProxyHosts = local|*.local|169.254/16|*.169.254/16
	sun.arch.data.model = 64
	sun.boot.class.path = /Library/Java/JavaVirtualMachines/temurin-8.jdk/Contents/Home/jre/lib/resources.jar:/Library/Java/JavaVirtualMachines/temurin-8.jdk/Contents/Home/jre/lib/rt.jar:/Library/Java/JavaVirtualMachines/temurin-8.jdk/Contents/Home/jre/lib/sunrsasign.jar:/Library/Java/JavaVirtualMachines/temurin-8.jdk/Contents/Home/jre/lib/jsse.jar:/Library/Java/JavaVirtualMachines/temurin-8.jdk/Contents/Home/jre/lib/jce.jar:/Library/Java/JavaVirtualMachines/temurin-8.jdk/Contents/Home/jre/lib/charsets.jar:/Library/Java/JavaVirtualMachines/temurin-8.jdk/Contents/Home/jre/lib/jfr.jar:/Library/Java/JavaVirtualMachines/temurin-8.jdk/Contents/Home/jre/classes
	sun.boot.library.path = /Library/Java/JavaVirtualMachines/temurin-8.jdk/Contents/Home/jre/lib
	sun.cpu.endian = little
	sun.cpu.isalist = 
	sun.io.unicode.encoding = UnicodeBig
	sun.java.command = /Users/user/desktop/ads/ProjetDemoKeycloak/keycloak-16.1.1/jboss-modules.jar -mp /Users/user/desktop/ads/ProjetDemoKeycloak/keycloak-16.1.1/modules org.jboss.as.standalone -Djboss.home.dir=/Users/user/desktop/ads/ProjetDemoKeycloak/keycloak-16.1.1 -Djboss.server.base.dir=/Users/user/desktop/ads/ProjetDemoKeycloak/keycloak-16.1.1/standalone
	sun.java.launcher = SUN_STANDARD
	sun.jnu.encoding = UTF-8
	sun.management.compiler = HotSpot 64-Bit Tiered Compilers
	sun.os.patch.level = unknown
	user.country = MA
	user.dir = /Users/user/Desktop/Ads/ProjetDemoKeycloak/keycloak-16.1.1/bin
	user.home = /Users/user
	user.language = en
	user.name = user
	user.timezone = Africa/El_Aaiun
2023-02-01 00:41:38,282 DEBUG [org.jboss.as.config] (MSC service thread 1-2) VM Arguments: -D[Standalone] -Xms64m -Xmx512m -XX:MetaspaceSize=96M -XX:MaxMetaspaceSize=256m -Djava.net.preferIPv4Stack=true -Djboss.modules.system.pkgs=org.jboss.byteman -Djava.awt.headless=true -Dorg.jboss.boot.log.file=/Users/user/desktop/ads/ProjetDemoKeycloak/keycloak-16.1.1/standalone/log/server.log -Dlogging.configuration=file:/Users/user/desktop/ads/ProjetDemoKeycloak/keycloak-16.1.1/standalone/configuration/logging.properties 
2023-02-01 00:41:38,769 INFO  [org.wildfly.security] (ServerService Thread Pool -- 18) ELY00001: WildFly Elytron version 1.18.3.Final
2023-02-01 00:41:39,247 INFO  [org.jboss.as.server] (Controller Boot Thread) WFLYSRV0039: Creating http management service using socket-binding (management-http)
2023-02-01 00:41:39,258 INFO  [org.xnio] (MSC service thread 1-2) XNIO version 3.8.5.Final
2023-02-01 00:41:39,263 INFO  [org.xnio.nio] (MSC service thread 1-2) XNIO NIO Implementation Version 3.8.5.Final
2023-02-01 00:41:39,283 INFO  [org.wildfly.extension.io] (ServerService Thread Pool -- 37) WFLYIO001: Worker 'default' has auto-configured to 24 IO threads with 192 max task threads based on your 12 available processors
2023-02-01 00:41:39,283 INFO  [org.jboss.as.clustering.infinispan] (ServerService Thread Pool -- 36) WFLYCLINF0001: Activating Infinispan subsystem.
2023-02-01 00:41:39,287 WARN  [org.jboss.as.txn] (ServerService Thread Pool -- 49) WFLYTX0013: The node-identifier attribute on the /subsystem=transactions is set to the default value. This is a danger for environments running multiple servers. Please make sure the attribute value is unique.
2023-02-01 00:41:39,287 INFO  [org.wildfly.extension.health] (ServerService Thread Pool -- 35) WFLYHEALTH0001: Activating Base Health Subsystem
2023-02-01 00:41:39,287 INFO  [org.jboss.as.jaxrs] (ServerService Thread Pool -- 38) WFLYRS0016: RESTEasy version 4.7.4.Final
2023-02-01 00:41:39,291 INFO  [org.wildfly.extension.metrics] (ServerService Thread Pool -- 44) WFLYMETRICS0001: Activating Base Metrics Subsystem
2023-02-01 00:41:39,296 INFO  [org.jboss.as.naming] (ServerService Thread Pool -- 45) WFLYNAM0001: Activating Naming Subsystem
2023-02-01 00:41:39,303 INFO  [org.jboss.as.connector] (MSC service thread 1-7) WFLYJCA0009: Starting Jakarta Connectors Subsystem (WildFly/IronJacamar 1.5.3.Final)
2023-02-01 00:41:39,313 INFO  [org.jboss.as.naming] (MSC service thread 1-5) WFLYNAM0003: Starting Naming Service
2023-02-01 00:41:39,313 INFO  [org.jboss.as.mail.extension] (MSC service thread 1-3) WFLYMAIL0001: Bound mail session [java:jboss/mail/Default]
2023-02-01 00:41:39,315 INFO  [org.jboss.as.connector.subsystems.datasources] (ServerService Thread Pool -- 30) WFLYJCA0004: Deploying JDBC-compliant driver class org.h2.Driver (version 1.4)
2023-02-01 00:41:39,318 INFO  [org.jboss.as.connector.deployers.jdbc] (MSC service thread 1-3) WFLYJCA0018: Started Driver service with driver-name = h2
2023-02-01 00:41:39,320 INFO  [org.jboss.remoting] (MSC service thread 1-8) JBoss Remoting version 5.0.23.Final
2023-02-01 00:41:39,344 WARN  [org.wildfly.extension.elytron] (MSC service thread 1-1) WFLYELY00023: KeyStore file '/Users/user/desktop/ads/ProjetDemoKeycloak/keycloak-16.1.1/standalone/configuration/application.keystore' does not exist. Used blank.
2023-02-01 00:41:39,365 WARN  [org.wildfly.extension.elytron] (MSC service thread 1-6) WFLYELY01084: KeyStore /Users/user/desktop/ads/ProjetDemoKeycloak/keycloak-16.1.1/standalone/configuration/application.keystore not found, it will be auto generated on first use with a self-signed certificate for host localhost
2023-02-01 00:41:39,371 INFO  [org.wildfly.extension.undertow] (MSC service thread 1-5) WFLYUT0003: Undertow 2.2.14.Final starting
2023-02-01 00:41:39,384 WARN  [org.wildfly.clustering.web.undertow] (ServerService Thread Pool -- 50) WFLYCLWEBUT0007: No routing provider found for default-server; using legacy provider based on static configuration
2023-02-01 00:41:39,410 INFO  [org.wildfly.extension.undertow] (ServerService Thread Pool -- 50) WFLYUT0014: Creating file handler for path '/Users/user/desktop/ads/ProjetDemoKeycloak/keycloak-16.1.1/welcome-content' with options [directory-listing: 'false', follow-symlink: 'false', case-sensitive: 'true', safe-symlink-paths: '[]']
2023-02-01 00:41:39,416 INFO  [org.wildfly.extension.undertow] (MSC service thread 1-7) WFLYUT0012: Started server default-server.
2023-02-01 00:41:39,417 INFO  [org.wildfly.extension.undertow] (MSC service thread 1-7) Queuing requests.
2023-02-01 00:41:39,418 INFO  [org.wildfly.extension.undertow] (MSC service thread 1-7) WFLYUT0018: Host default-host starting
2023-02-01 00:41:39,426 INFO  [org.jboss.as.ejb3] (MSC service thread 1-3) WFLYEJB0482: Strict pool mdb-strict-max-pool is using a max instance size of 48 (per class), which is derived from the number of CPUs on this host.
2023-02-01 00:41:39,426 INFO  [org.jboss.as.ejb3] (MSC service thread 1-6) WFLYEJB0481: Strict pool slsb-strict-max-pool is using a max instance size of 192 (per class), which is derived from thread worker pool sizing.
2023-02-01 00:41:39,459 INFO  [org.wildfly.extension.undertow] (MSC service thread 1-5) WFLYUT0006: Undertow HTTP listener default listening on 127.0.0.1:8080
2023-02-01 00:41:39,491 INFO  [org.jboss.as.ejb3] (MSC service thread 1-6) WFLYEJB0493: Jakarta Enterprise Beans subsystem suspension complete
2023-02-01 00:41:39,540 INFO  [org.wildfly.extension.undertow] (MSC service thread 1-4) WFLYUT0006: Undertow HTTPS listener https listening on 127.0.0.1:8443
2023-02-01 00:41:39,547 INFO  [org.jboss.as.connector.subsystems.datasources] (MSC service thread 1-6) WFLYJCA0001: Bound data source [java:jboss/datasources/KeycloakDS]
2023-02-01 00:41:39,547 INFO  [org.jboss.as.connector.subsystems.datasources] (MSC service thread 1-1) WFLYJCA0001: Bound data source [java:jboss/datasources/ExampleDS]
2023-02-01 00:41:39,627 INFO  [org.jboss.as.patching] (MSC service thread 1-7) WFLYPAT0050: Keycloak cumulative patch ID is: base, one-off patches include: none
2023-02-01 00:41:39,629 INFO  [org.jboss.as.server.deployment.scanner] (MSC service thread 1-3) WFLYDS0013: Started FileSystemDeploymentService for directory /Users/user/desktop/ads/ProjetDemoKeycloak/keycloak-16.1.1/standalone/deployments
2023-02-01 00:41:39,635 INFO  [org.jboss.as.server.deployment] (MSC service thread 1-1) WFLYSRV0027: Starting deployment of "keycloak-server.war" (runtime-name: "keycloak-server.war")
2023-02-01 00:41:40,387 INFO  [org.infinispan.CONTAINER] (ServerService Thread Pool -- 52) ISPN000128: Infinispan version: Infinispan 'Taedonggang' 12.1.7.Final
2023-02-01 00:41:40,419 INFO  [org.infinispan.CONFIG] (MSC service thread 1-8) ISPN000152: Passivation configured without an eviction policy being selected. Only manually evicted entities will be passivated.
2023-02-01 00:41:40,421 INFO  [org.infinispan.CONFIG] (MSC service thread 1-8) ISPN000152: Passivation configured without an eviction policy being selected. Only manually evicted entities will be passivated.
2023-02-01 00:41:40,448 INFO  [org.infinispan.CONTAINER] (ServerService Thread Pool -- 52) ISPN000556: Starting user marshaller 'org.wildfly.clustering.infinispan.marshalling.jboss.JBossMarshaller'
2023-02-01 00:41:40,448 INFO  [org.infinispan.CONTAINER] (ServerService Thread Pool -- 53) ISPN000556: Starting user marshaller 'org.wildfly.clustering.infinispan.spi.marshalling.InfinispanProtoStreamMarshaller'
2023-02-01 00:41:40,679 INFO  [org.jboss.as.clustering.infinispan] (ServerService Thread Pool -- 53) WFLYCLINF0002: Started http-remoting-connector cache from ejb container
2023-02-01 00:41:40,696 INFO  [org.jboss.as.clustering.infinispan] (ServerService Thread Pool -- 53) WFLYCLINF0002: Started work cache from keycloak container
2023-02-01 00:41:40,696 INFO  [org.jboss.as.clustering.infinispan] (ServerService Thread Pool -- 56) WFLYCLINF0002: Started loginFailures cache from keycloak container
2023-02-01 00:41:40,696 INFO  [org.jboss.as.clustering.infinispan] (ServerService Thread Pool -- 62) WFLYCLINF0002: Started clientSessions cache from keycloak container
2023-02-01 00:41:40,696 INFO  [org.jboss.as.clustering.infinispan] (ServerService Thread Pool -- 59) WFLYCLINF0002: Started offlineClientSessions cache from keycloak container
2023-02-01 00:41:40,696 INFO  [org.jboss.as.clustering.infinispan] (ServerService Thread Pool -- 60) WFLYCLINF0002: Started authenticationSessions cache from keycloak container
2023-02-01 00:41:40,696 INFO  [org.jboss.as.clustering.infinispan] (ServerService Thread Pool -- 55) WFLYCLINF0002: Started offlineSessions cache from keycloak container
2023-02-01 00:41:40,696 INFO  [org.jboss.as.clustering.infinispan] (ServerService Thread Pool -- 54) WFLYCLINF0002: Started actionTokens cache from keycloak container
2023-02-01 00:41:40,696 INFO  [org.jboss.as.clustering.infinispan] (ServerService Thread Pool -- 64) WFLYCLINF0002: Started sessions cache from keycloak container
2023-02-01 00:41:40,719 INFO  [org.jboss.as.clustering.infinispan] (ServerService Thread Pool -- 58) WFLYCLINF0002: Started users cache from keycloak container
2023-02-01 00:41:40,719 INFO  [org.jboss.as.clustering.infinispan] (ServerService Thread Pool -- 57) WFLYCLINF0002: Started authorization cache from keycloak container
2023-02-01 00:41:40,719 INFO  [org.jboss.as.clustering.infinispan] (ServerService Thread Pool -- 63) WFLYCLINF0002: Started keys cache from keycloak container
2023-02-01 00:41:40,719 INFO  [org.jboss.as.clustering.infinispan] (ServerService Thread Pool -- 61) WFLYCLINF0002: Started realms cache from keycloak container
2023-02-01 00:41:40,801 WARN  [org.jboss.as.server.deployment] (MSC service thread 1-8) WFLYSRV0273: Excluded subsystem webservices via jboss-deployment-structure.xml does not exist.
2023-02-01 00:41:41,075 INFO  [org.keycloak.services] (ServerService Thread Pool -- 61) KC-SERVICES0001: Loading config from standalone.xml or domain.xml
2023-02-01 00:41:41,146 INFO  [org.keycloak.url.DefaultHostnameProviderFactory] (ServerService Thread Pool -- 61) Frontend: <request>, Admin: <frontend>, Backend: <request>
2023-02-01 00:41:41,504 INFO  [org.jboss.as.clustering.infinispan] (ServerService Thread Pool -- 61) WFLYCLINF0002: Started realmRevisions cache from keycloak container
2023-02-01 00:41:41,519 INFO  [org.jboss.as.clustering.infinispan] (ServerService Thread Pool -- 61) WFLYCLINF0002: Started userRevisions cache from keycloak container
2023-02-01 00:41:41,525 INFO  [org.jboss.as.clustering.infinispan] (ServerService Thread Pool -- 61) WFLYCLINF0002: Started authorizationRevisions cache from keycloak container
2023-02-01 00:41:41,526 INFO  [org.keycloak.connections.infinispan.DefaultInfinispanConnectionProviderFactory] (ServerService Thread Pool -- 61) Node name: mbp-de-user, Site name: null
2023-02-01 00:41:42,608 INFO  [org.keycloak.connections.jpa.DefaultJpaConnectionProviderFactory] (ServerService Thread Pool -- 61) Database info: {databaseUrl=jdbc:h2:/Users/user/desktop/ads/ProjetDemoKeycloak/keycloak-16.1.1/standalone/data/keycloak, databaseUser=SA, databaseProduct=H2 1.4.197 (2018-03-18), databaseDriver=H2 JDBC Driver 1.4.197 (2018-03-18)}
2023-02-01 00:41:43,354 INFO  [org.hibernate.jpa.internal.util.LogHelper] (ServerService Thread Pool -- 61) HHH000204: Processing PersistenceUnitInfo [
	name: keycloak-default
	...]
2023-02-01 00:41:43,402 INFO  [org.hibernate.Version] (ServerService Thread Pool -- 61) HHH000412: Hibernate Core {5.3.24.Final}
2023-02-01 00:41:43,403 INFO  [org.hibernate.cfg.Environment] (ServerService Thread Pool -- 61) HHH000206: hibernate.properties not found
2023-02-01 00:41:43,538 INFO  [org.hibernate.annotations.common.Version] (ServerService Thread Pool -- 61) HCANN000001: Hibernate Commons Annotations {5.0.5.Final}
2023-02-01 00:41:43,668 INFO  [org.hibernate.dialect.Dialect] (ServerService Thread Pool -- 61) HHH000400: Using dialect: org.hibernate.dialect.H2Dialect
2023-02-01 00:41:43,705 INFO  [org.hibernate.envers.boot.internal.EnversServiceImpl] (ServerService Thread Pool -- 61) Envers integration enabled? : true
2023-02-01 00:41:43,937 INFO  [org.hibernate.orm.beans] (ServerService Thread Pool -- 61) HHH10005002: No explicit CDI BeanManager reference was passed to Hibernate, but CDI is available on the Hibernate ClassLoader.
2023-02-01 00:41:44,136 INFO  [org.hibernate.validator.internal.util.Version] (ServerService Thread Pool -- 61) HV000001: Hibernate Validator 6.0.22.Final
2023-02-01 00:41:44,875 INFO  [org.hibernate.hql.internal.QueryTranslatorFactoryInitiator] (ServerService Thread Pool -- 61) HHH000397: Using ASTQueryTranslatorFactory
2023-02-01 00:41:45,772 INFO  [org.jboss.resteasy.resteasy_jaxrs.i18n] (ServerService Thread Pool -- 61) RESTEASY002225: Deploying javax.ws.rs.core.Application: class org.keycloak.services.resources.KeycloakApplication
2023-02-01 00:41:45,773 INFO  [org.jboss.resteasy.resteasy_jaxrs.i18n] (ServerService Thread Pool -- 61) RESTEASY002205: Adding provider class org.keycloak.services.error.KeycloakErrorHandler from Application class org.keycloak.services.resources.KeycloakApplication
2023-02-01 00:41:45,774 INFO  [org.jboss.resteasy.resteasy_jaxrs.i18n] (ServerService Thread Pool -- 61) RESTEASY002205: Adding provider class org.keycloak.services.filters.KeycloakSecurityHeadersFilter from Application class org.keycloak.services.resources.KeycloakApplication
2023-02-01 00:41:45,775 INFO  [org.jboss.resteasy.resteasy_jaxrs.i18n] (ServerService Thread Pool -- 61) RESTEASY002200: Adding class resource org.keycloak.services.resources.JsResource from Application class org.keycloak.services.resources.KeycloakApplication
2023-02-01 00:41:45,775 INFO  [org.jboss.resteasy.resteasy_jaxrs.i18n] (ServerService Thread Pool -- 61) RESTEASY002200: Adding class resource org.keycloak.services.resources.ThemeResource from Application class org.keycloak.services.resources.KeycloakApplication
2023-02-01 00:41:45,775 INFO  [org.jboss.resteasy.resteasy_jaxrs.i18n] (ServerService Thread Pool -- 61) RESTEASY002210: Adding provider singleton org.keycloak.services.util.ObjectMapperResolver from Application class org.keycloak.services.resources.KeycloakApplication
2023-02-01 00:41:45,775 INFO  [org.jboss.resteasy.resteasy_jaxrs.i18n] (ServerService Thread Pool -- 61) RESTEASY002220: Adding singleton resource org.keycloak.services.resources.WelcomeResource from Application class org.keycloak.services.resources.KeycloakApplication
2023-02-01 00:41:45,776 INFO  [org.jboss.resteasy.resteasy_jaxrs.i18n] (ServerService Thread Pool -- 61) RESTEASY002220: Adding singleton resource org.keycloak.services.resources.RobotsResource from Application class org.keycloak.services.resources.KeycloakApplication
2023-02-01 00:41:45,776 INFO  [org.jboss.resteasy.resteasy_jaxrs.i18n] (ServerService Thread Pool -- 61) RESTEASY002220: Adding singleton resource org.keycloak.services.resources.admin.AdminRoot from Application class org.keycloak.services.resources.KeycloakApplication
2023-02-01 00:41:45,776 INFO  [org.jboss.resteasy.resteasy_jaxrs.i18n] (ServerService Thread Pool -- 61) RESTEASY002220: Adding singleton resource org.keycloak.services.resources.RealmsResource from Application class org.keycloak.services.resources.KeycloakApplication
2023-02-01 00:41:45,855 INFO  [org.wildfly.extension.undertow] (ServerService Thread Pool -- 61) WFLYUT0021: Registered web context: '/auth' for server 'default-server'
2023-02-01 00:41:45,912 INFO  [org.jboss.as.server] (ServerService Thread Pool -- 42) WFLYSRV0010: Deployed "keycloak-server.war" (runtime-name : "keycloak-server.war")
2023-02-01 00:41:45,938 INFO  [org.jboss.as.server] (Controller Boot Thread) WFLYSRV0212: Resuming server
2023-02-01 00:41:45,940 INFO  [org.jboss.as] (Controller Boot Thread) WFLYSRV0025: Keycloak 16.1.1 (WildFly Core 18.0.4.Final) started in 8354ms - Started 573 of 851 services (576 services are lazy, passive or on-demand)
2023-02-01 00:41:45,942 INFO  [org.jboss.as] (Controller Boot Thread) WFLYSRV0060: Http management interface listening on http://127.0.0.1:9990/management
2023-02-01 00:41:45,942 INFO  [org.jboss.as] (Controller Boot Thread) WFLYSRV0051: Admin console listening on http://127.0.0.1:9990
2023-02-01 01:03:29,154 INFO  [org.jboss.as.server] (Thread-2) WFLYSRV0272: Suspending server
2023-02-01 01:03:29,157 INFO  [org.jboss.as.ejb3] (Thread-2) WFLYEJB0493: Jakarta Enterprise Beans subsystem suspension complete
2023-02-01 01:03:29,159 INFO  [org.jboss.as.server] (Thread-2) WFLYSRV0220: Server shutdown has been requested via an OS signal
2023-02-01 01:03:29,171 INFO  [org.jboss.as.connector.subsystems.datasources] (MSC service thread 1-4) WFLYJCA0010: Unbound data source [java:jboss/datasources/KeycloakDS]
2023-02-01 01:03:29,172 INFO  [org.jboss.as.mail.extension] (MSC service thread 1-4) WFLYMAIL0002: Unbound mail session [java:jboss/mail/Default]
2023-02-01 01:03:29,173 INFO  [org.wildfly.extension.undertow] (MSC service thread 1-7) WFLYUT0008: Undertow HTTPS listener https suspending
2023-02-01 01:03:29,173 INFO  [org.wildfly.extension.undertow] (MSC service thread 1-7) WFLYUT0007: Undertow HTTPS listener https stopped, was bound to 127.0.0.1:8443
2023-02-01 01:03:29,175 INFO  [org.wildfly.extension.undertow] (ServerService Thread Pool -- 61) WFLYUT0022: Unregistered web context: '/auth' from server 'default-server'
2023-02-01 01:03:29,180 INFO  [org.jboss.as.connector.subsystems.datasources] (MSC service thread 1-2) WFLYJCA0010: Unbound data source [java:jboss/datasources/ExampleDS]
2023-02-01 01:03:29,180 INFO  [org.wildfly.extension.undertow] (MSC service thread 1-8) WFLYUT0019: Host default-host stopping
2023-02-01 01:03:29,181 INFO  [org.jboss.as.connector.deployers.jdbc] (MSC service thread 1-8) WFLYJCA0019: Stopped Driver service with driver-name = h2
2023-02-01 01:03:29,189 INFO  [org.wildfly.extension.undertow] (MSC service thread 1-3) WFLYUT0008: Undertow HTTP listener default suspending
2023-02-01 01:03:29,189 INFO  [org.jboss.as.server.deployment] (MSC service thread 1-7) WFLYSRV0028: Stopped deployment keycloak-server.war (runtime-name: keycloak-server.war) in 27ms
2023-02-01 01:03:29,189 INFO  [org.jboss.as.clustering.infinispan] (ServerService Thread Pool -- 67) WFLYCLINF0003: Stopped authenticationSessions cache from keycloak container
2023-02-01 01:03:29,189 INFO  [org.jboss.as.clustering.infinispan] (ServerService Thread Pool -- 71) WFLYCLINF0003: Stopped actionTokens cache from keycloak container
2023-02-01 01:03:29,190 INFO  [org.jboss.as.clustering.infinispan] (ServerService Thread Pool -- 69) WFLYCLINF0003: Stopped offlineClientSessions cache from keycloak container
2023-02-01 01:03:29,191 INFO  [org.jboss.as.clustering.infinispan] (ServerService Thread Pool -- 68) WFLYCLINF0003: Stopped loginFailures cache from keycloak container
2023-02-01 01:03:29,192 INFO  [org.wildfly.extension.undertow] (MSC service thread 1-3) WFLYUT0007: Undertow HTTP listener default stopped, was bound to 127.0.0.1:8080
2023-02-01 01:03:29,195 INFO  [org.wildfly.extension.undertow] (MSC service thread 1-2) WFLYUT0004: Undertow 2.2.14.Final stopping
2023-02-01 01:03:29,195 INFO  [org.jboss.as.clustering.infinispan] (ServerService Thread Pool -- 73) WFLYCLINF0003: Stopped sessions cache from keycloak container
2023-02-01 01:03:29,195 INFO  [org.jboss.as.clustering.infinispan] (ServerService Thread Pool -- 75) WFLYCLINF0003: Stopped work cache from keycloak container
2023-02-01 01:03:29,195 INFO  [org.jboss.as.clustering.infinispan] (ServerService Thread Pool -- 77) WFLYCLINF0003: Stopped clientSessions cache from keycloak container
2023-02-01 01:03:29,195 INFO  [org.jboss.as.clustering.infinispan] (ServerService Thread Pool -- 74) WFLYCLINF0003: Stopped offlineSessions cache from keycloak container
2023-02-01 01:03:29,196 INFO  [org.jboss.as.clustering.infinispan] (ServerService Thread Pool -- 72) WFLYCLINF0003: Stopped keys cache from keycloak container
2023-02-01 01:03:29,199 INFO  [org.jboss.as.clustering.infinispan] (ServerService Thread Pool -- 61) WFLYCLINF0003: Stopped http-remoting-connector cache from ejb container
2023-02-01 01:03:29,200 INFO  [org.infinispan.manager.DefaultCacheManager] (ServerService Thread Pool -- 61) Stopping cache manager null on null
2023-02-01 01:03:29,203 INFO  [org.jboss.as.clustering.infinispan] (ServerService Thread Pool -- 70) WFLYCLINF0003: Stopped users cache from keycloak container
2023-02-01 01:03:29,203 INFO  [org.jboss.as.clustering.infinispan] (ServerService Thread Pool -- 78) WFLYCLINF0003: Stopped authorization cache from keycloak container
2023-02-01 01:03:29,204 INFO  [org.jboss.as.clustering.infinispan] (ServerService Thread Pool -- 76) WFLYCLINF0003: Stopped realms cache from keycloak container
2023-02-01 01:03:29,205 INFO  [org.infinispan.manager.DefaultCacheManager] (ServerService Thread Pool -- 76) Stopping cache manager null on null
2023-02-01 01:03:29,211 INFO  [org.jboss.as] (MSC service thread 1-1) WFLYSRV0050: Keycloak 16.1.1 (WildFly Core 18.0.4.Final) stopped in 49ms
2023-02-01 01:09:55,471 INFO  [org.jboss.modules] (main) JBoss Modules version 2.0.0.Final
2023-02-01 01:09:55,843 INFO  [org.jboss.msc] (main) JBoss MSC version 1.4.13.Final
2023-02-01 01:09:55,851 INFO  [org.jboss.threads] (main) JBoss Threads version 2.4.0.Final
2023-02-01 01:09:55,947 INFO  [org.jboss.as] (MSC service thread 1-2) WFLYSRV0049: Keycloak 16.1.1 (WildFly Core 18.0.4.Final) starting
2023-02-01 01:09:55,948 DEBUG [org.jboss.as.config] (MSC service thread 1-2) Configured system properties:
	[Standalone] = 
	awt.toolkit = sun.lwawt.macosx.LWCToolkit
	file.encoding = UTF-8
	file.encoding.pkg = sun.io
	file.separator = /
	ftp.nonProxyHosts = local|*.local|169.254/16|*.169.254/16
	gopherProxySet = false
	http.nonProxyHosts = local|*.local|169.254/16|*.169.254/16
	java.awt.graphicsenv = sun.awt.CGraphicsEnvironment
	java.awt.headless = true
	java.awt.printerjob = sun.lwawt.macosx.CPrinterJob
	java.class.path = /Users/user/desktop/ads/ProjetDemoKeycloak/keycloak-16.1.1/jboss-modules.jar
	java.class.version = 52.0
	java.endorsed.dirs = /Library/Java/JavaVirtualMachines/temurin-8.jdk/Contents/Home/jre/lib/endorsed
	java.ext.dirs = /Users/user/Library/Java/Extensions:/Library/Java/JavaVirtualMachines/temurin-8.jdk/Contents/Home/jre/lib/ext:/Library/Java/Extensions:/Network/Library/Java/Extensions:/System/Library/Java/Extensions:/usr/lib/java
	java.home = /Library/Java/JavaVirtualMachines/temurin-8.jdk/Contents/Home/jre
	java.io.tmpdir = /var/folders/2l/cwsryjrj55s4d9p6t41b5j6m0000gn/T/
	java.library.path = /Users/user/Library/Java/Extensions:/Library/Java/Extensions:/Network/Library/Java/Extensions:/System/Library/Java/Extensions:/usr/lib/java:.
	java.net.preferIPv4Stack = true
	java.runtime.name = OpenJDK Runtime Environment
	java.runtime.version = 1.8.0_362-b09
	java.specification.maintenance.version = 4
	java.specification.name = Java Platform API Specification
	java.specification.vendor = Oracle Corporation
	java.specification.version = 1.8
	java.util.logging.manager = org.jboss.logmanager.LogManager
	java.vendor = Temurin
	java.vendor.url = https://adoptium.net/
	java.vendor.url.bug = https://github.com/adoptium/adoptium-support/issues
	java.version = 1.8.0_362
	java.vm.info = mixed mode
	java.vm.name = OpenJDK 64-Bit Server VM
	java.vm.specification.name = Java Virtual Machine Specification
	java.vm.specification.vendor = Oracle Corporation
	java.vm.specification.version = 1.8
	java.vm.vendor = Temurin
	java.vm.version = 25.362-b09
	javax.management.builder.initial = org.jboss.as.jmx.PluggableMBeanServerBuilder
	jboss.home.dir = /Users/user/desktop/ads/ProjetDemoKeycloak/keycloak-16.1.1
	jboss.host.name = mbp-de-user
	jboss.modules.dir = /Users/user/desktop/ads/ProjetDemoKeycloak/keycloak-16.1.1/modules
	jboss.modules.system.pkgs = org.jboss.byteman
	jboss.node.name = mbp-de-user
	jboss.qualified.host.name = mbp-de-user
	jboss.server.base.dir = /Users/user/desktop/ads/ProjetDemoKeycloak/keycloak-16.1.1/standalone
	jboss.server.config.dir = /Users/user/desktop/ads/ProjetDemoKeycloak/keycloak-16.1.1/standalone/configuration
	jboss.server.data.dir = /Users/user/desktop/ads/ProjetDemoKeycloak/keycloak-16.1.1/standalone/data
	jboss.server.deploy.dir = /Users/user/desktop/ads/ProjetDemoKeycloak/keycloak-16.1.1/standalone/data/content
	jboss.server.log.dir = /Users/user/desktop/ads/ProjetDemoKeycloak/keycloak-16.1.1/standalone/log
	jboss.server.name = mbp-de-user
	jboss.server.persist.config = true
	jboss.server.temp.dir = /Users/user/desktop/ads/ProjetDemoKeycloak/keycloak-16.1.1/standalone/tmp
	line.separator = 

	logging.configuration = file:/Users/user/desktop/ads/ProjetDemoKeycloak/keycloak-16.1.1/standalone/configuration/logging.properties
	module.path = /Users/user/desktop/ads/ProjetDemoKeycloak/keycloak-16.1.1/modules
	org.jboss.boot.log.file = /Users/user/desktop/ads/ProjetDemoKeycloak/keycloak-16.1.1/standalone/log/server.log
	org.jboss.resolver.warning = true
	os.arch = x86_64
	os.name = Mac OS X
	os.version = 13.2
	path.separator = :
	socksNonProxyHosts = local|*.local|169.254/16|*.169.254/16
	sun.arch.data.model = 64
	sun.boot.class.path = /Library/Java/JavaVirtualMachines/temurin-8.jdk/Contents/Home/jre/lib/resources.jar:/Library/Java/JavaVirtualMachines/temurin-8.jdk/Contents/Home/jre/lib/rt.jar:/Library/Java/JavaVirtualMachines/temurin-8.jdk/Contents/Home/jre/lib/sunrsasign.jar:/Library/Java/JavaVirtualMachines/temurin-8.jdk/Contents/Home/jre/lib/jsse.jar:/Library/Java/JavaVirtualMachines/temurin-8.jdk/Contents/Home/jre/lib/jce.jar:/Library/Java/JavaVirtualMachines/temurin-8.jdk/Contents/Home/jre/lib/charsets.jar:/Library/Java/JavaVirtualMachines/temurin-8.jdk/Contents/Home/jre/lib/jfr.jar:/Library/Java/JavaVirtualMachines/temurin-8.jdk/Contents/Home/jre/classes
	sun.boot.library.path = /Library/Java/JavaVirtualMachines/temurin-8.jdk/Contents/Home/jre/lib
	sun.cpu.endian = little
	sun.cpu.isalist = 
	sun.io.unicode.encoding = UnicodeBig
	sun.java.command = /Users/user/desktop/ads/ProjetDemoKeycloak/keycloak-16.1.1/jboss-modules.jar -mp /Users/user/desktop/ads/ProjetDemoKeycloak/keycloak-16.1.1/modules org.jboss.as.standalone -Djboss.home.dir=/Users/user/desktop/ads/ProjetDemoKeycloak/keycloak-16.1.1 -Djboss.server.base.dir=/Users/user/desktop/ads/ProjetDemoKeycloak/keycloak-16.1.1/standalone
	sun.java.launcher = SUN_STANDARD
	sun.jnu.encoding = UTF-8
	sun.management.compiler = HotSpot 64-Bit Tiered Compilers
	sun.os.patch.level = unknown
	user.country = MA
	user.dir = /Users/user/Desktop/Ads/ProjetDemoKeycloak/keycloak-16.1.1/bin
	user.home = /Users/user
	user.language = en
	user.name = user
	user.timezone = Africa/El_Aaiun
2023-02-01 01:09:55,949 DEBUG [org.jboss.as.config] (MSC service thread 1-2) VM Arguments: -D[Standalone] -Xms64m -Xmx512m -XX:MetaspaceSize=96M -XX:MaxMetaspaceSize=256m -Djava.net.preferIPv4Stack=true -Djboss.modules.system.pkgs=org.jboss.byteman -Djava.awt.headless=true -Dorg.jboss.boot.log.file=/Users/user/desktop/ads/ProjetDemoKeycloak/keycloak-16.1.1/standalone/log/server.log -Dlogging.configuration=file:/Users/user/desktop/ads/ProjetDemoKeycloak/keycloak-16.1.1/standalone/configuration/logging.properties 
2023-02-01 01:09:56,475 INFO  [org.wildfly.security] (ServerService Thread Pool -- 8) ELY00001: WildFly Elytron version 1.18.3.Final
2023-02-01 01:09:56,998 INFO  [org.jboss.as.server] (Controller Boot Thread) WFLYSRV0039: Creating http management service using socket-binding (management-http)
2023-02-01 01:09:57,009 INFO  [org.xnio] (MSC service thread 1-4) XNIO version 3.8.5.Final
2023-02-01 01:09:57,013 INFO  [org.xnio.nio] (MSC service thread 1-4) XNIO NIO Implementation Version 3.8.5.Final
2023-02-01 01:09:57,033 INFO  [org.jboss.as.clustering.infinispan] (ServerService Thread Pool -- 36) WFLYCLINF0001: Activating Infinispan subsystem.
2023-02-01 01:09:57,033 INFO  [org.jboss.as.jaxrs] (ServerService Thread Pool -- 38) WFLYRS0016: RESTEasy version 4.7.4.Final
2023-02-01 01:09:57,035 INFO  [org.wildfly.extension.health] (ServerService Thread Pool -- 35) WFLYHEALTH0001: Activating Base Health Subsystem
2023-02-01 01:09:57,041 WARN  [org.jboss.as.txn] (ServerService Thread Pool -- 49) WFLYTX0013: The node-identifier attribute on the /subsystem=transactions is set to the default value. This is a danger for environments running multiple servers. Please make sure the attribute value is unique.
2023-02-01 01:09:57,042 INFO  [org.wildfly.extension.io] (ServerService Thread Pool -- 37) WFLYIO001: Worker 'default' has auto-configured to 24 IO threads with 192 max task threads based on your 12 available processors
2023-02-01 01:09:57,042 INFO  [org.jboss.as.naming] (ServerService Thread Pool -- 45) WFLYNAM0001: Activating Naming Subsystem
2023-02-01 01:09:57,053 INFO  [org.wildfly.extension.metrics] (ServerService Thread Pool -- 44) WFLYMETRICS0001: Activating Base Metrics Subsystem
2023-02-01 01:09:57,055 INFO  [org.jboss.as.connector] (MSC service thread 1-1) WFLYJCA0009: Starting Jakarta Connectors Subsystem (WildFly/IronJacamar 1.5.3.Final)
2023-02-01 01:09:57,073 INFO  [org.jboss.as.naming] (MSC service thread 1-4) WFLYNAM0003: Starting Naming Service
2023-02-01 01:09:57,073 INFO  [org.jboss.as.mail.extension] (MSC service thread 1-1) WFLYMAIL0001: Bound mail session [java:jboss/mail/Default]
2023-02-01 01:09:57,083 INFO  [org.jboss.as.connector.subsystems.datasources] (ServerService Thread Pool -- 30) WFLYJCA0004: Deploying JDBC-compliant driver class org.h2.Driver (version 1.4)
2023-02-01 01:09:57,085 INFO  [org.jboss.as.connector.deployers.jdbc] (MSC service thread 1-6) WFLYJCA0018: Started Driver service with driver-name = h2
2023-02-01 01:09:57,086 INFO  [org.jboss.remoting] (MSC service thread 1-8) JBoss Remoting version 5.0.23.Final
2023-02-01 01:09:57,088 INFO  [org.wildfly.extension.undertow] (MSC service thread 1-4) WFLYUT0003: Undertow 2.2.14.Final starting
2023-02-01 01:09:57,106 WARN  [org.wildfly.clustering.web.undertow] (ServerService Thread Pool -- 50) WFLYCLWEBUT0007: No routing provider found for default-server; using legacy provider based on static configuration
2023-02-01 01:09:57,150 WARN  [org.wildfly.extension.elytron] (MSC service thread 1-1) WFLYELY00023: KeyStore file '/Users/user/desktop/ads/ProjetDemoKeycloak/keycloak-16.1.1/standalone/configuration/application.keystore' does not exist. Used blank.
2023-02-01 01:09:57,154 INFO  [org.wildfly.extension.undertow] (ServerService Thread Pool -- 50) WFLYUT0014: Creating file handler for path '/Users/user/desktop/ads/ProjetDemoKeycloak/keycloak-16.1.1/welcome-content' with options [directory-listing: 'false', follow-symlink: 'false', case-sensitive: 'true', safe-symlink-paths: '[]']
2023-02-01 01:09:57,157 WARN  [org.wildfly.extension.elytron] (MSC service thread 1-5) WFLYELY01084: KeyStore /Users/user/desktop/ads/ProjetDemoKeycloak/keycloak-16.1.1/standalone/configuration/application.keystore not found, it will be auto generated on first use with a self-signed certificate for host localhost
2023-02-01 01:09:57,160 INFO  [org.wildfly.extension.undertow] (MSC service thread 1-3) WFLYUT0012: Started server default-server.
2023-02-01 01:09:57,162 INFO  [org.wildfly.extension.undertow] (MSC service thread 1-3) Queuing requests.
2023-02-01 01:09:57,163 INFO  [org.wildfly.extension.undertow] (MSC service thread 1-3) WFLYUT0018: Host default-host starting
2023-02-01 01:09:57,223 INFO  [org.jboss.as.ejb3] (MSC service thread 1-3) WFLYEJB0482: Strict pool mdb-strict-max-pool is using a max instance size of 48 (per class), which is derived from the number of CPUs on this host.
2023-02-01 01:09:57,223 INFO  [org.jboss.as.ejb3] (MSC service thread 1-4) WFLYEJB0481: Strict pool slsb-strict-max-pool is using a max instance size of 192 (per class), which is derived from thread worker pool sizing.
2023-02-01 01:09:57,231 INFO  [org.wildfly.extension.undertow] (MSC service thread 1-6) WFLYUT0006: Undertow HTTP listener default listening on 127.0.0.1:8080
2023-02-01 01:09:57,266 INFO  [org.jboss.as.ejb3] (MSC service thread 1-7) WFLYEJB0493: Jakarta Enterprise Beans subsystem suspension complete
2023-02-01 01:09:57,314 INFO  [org.jboss.as.connector.subsystems.datasources] (MSC service thread 1-2) WFLYJCA0001: Bound data source [java:jboss/datasources/ExampleDS]
2023-02-01 01:09:57,314 INFO  [org.jboss.as.connector.subsystems.datasources] (MSC service thread 1-4) WFLYJCA0001: Bound data source [java:jboss/datasources/KeycloakDS]
2023-02-01 01:09:57,318 INFO  [org.wildfly.extension.undertow] (MSC service thread 1-3) WFLYUT0006: Undertow HTTPS listener https listening on 127.0.0.1:8443
2023-02-01 01:09:57,426 INFO  [org.jboss.as.patching] (MSC service thread 1-1) WFLYPAT0050: Keycloak cumulative patch ID is: base, one-off patches include: none
2023-02-01 01:09:57,429 INFO  [org.jboss.as.server.deployment.scanner] (MSC service thread 1-1) WFLYDS0013: Started FileSystemDeploymentService for directory /Users/user/desktop/ads/ProjetDemoKeycloak/keycloak-16.1.1/standalone/deployments
2023-02-01 01:09:57,434 INFO  [org.jboss.as.server.deployment] (MSC service thread 1-3) WFLYSRV0027: Starting deployment of "keycloak-server.war" (runtime-name: "keycloak-server.war")
2023-02-01 01:09:58,120 INFO  [org.infinispan.CONTAINER] (ServerService Thread Pool -- 52) ISPN000128: Infinispan version: Infinispan 'Taedonggang' 12.1.7.Final
2023-02-01 01:09:58,148 INFO  [org.infinispan.CONFIG] (MSC service thread 1-5) ISPN000152: Passivation configured without an eviction policy being selected. Only manually evicted entities will be passivated.
2023-02-01 01:09:58,149 INFO  [org.infinispan.CONFIG] (MSC service thread 1-5) ISPN000152: Passivation configured without an eviction policy being selected. Only manually evicted entities will be passivated.
2023-02-01 01:09:58,170 INFO  [org.infinispan.CONTAINER] (ServerService Thread Pool -- 52) ISPN000556: Starting user marshaller 'org.wildfly.clustering.infinispan.marshalling.jboss.JBossMarshaller'
2023-02-01 01:09:58,170 INFO  [org.infinispan.CONTAINER] (ServerService Thread Pool -- 53) ISPN000556: Starting user marshaller 'org.wildfly.clustering.infinispan.spi.marshalling.InfinispanProtoStreamMarshaller'
2023-02-01 01:09:58,353 INFO  [org.jboss.as.clustering.infinispan] (ServerService Thread Pool -- 53) WFLYCLINF0002: Started http-remoting-connector cache from ejb container
2023-02-01 01:09:58,368 INFO  [org.jboss.as.clustering.infinispan] (ServerService Thread Pool -- 52) WFLYCLINF0002: Started offlineClientSessions cache from keycloak container
2023-02-01 01:09:58,368 INFO  [org.jboss.as.clustering.infinispan] (ServerService Thread Pool -- 60) WFLYCLINF0002: Started actionTokens cache from keycloak container
2023-02-01 01:09:58,368 INFO  [org.jboss.as.clustering.infinispan] (ServerService Thread Pool -- 57) WFLYCLINF0002: Started work cache from keycloak container
2023-02-01 01:09:58,369 INFO  [org.jboss.as.clustering.infinispan] (ServerService Thread Pool -- 61) WFLYCLINF0002: Started offlineSessions cache from keycloak container
2023-02-01 01:09:58,368 INFO  [org.jboss.as.clustering.infinispan] (ServerService Thread Pool -- 55) WFLYCLINF0002: Started clientSessions cache from keycloak container
2023-02-01 01:09:58,369 INFO  [org.jboss.as.clustering.infinispan] (ServerService Thread Pool -- 62) WFLYCLINF0002: Started sessions cache from keycloak container
2023-02-01 01:09:58,369 INFO  [org.jboss.as.clustering.infinispan] (ServerService Thread Pool -- 59) WFLYCLINF0002: Started loginFailures cache from keycloak container
2023-02-01 01:09:58,369 INFO  [org.jboss.as.clustering.infinispan] (ServerService Thread Pool -- 54) WFLYCLINF0002: Started authenticationSessions cache from keycloak container
2023-02-01 01:09:58,390 INFO  [org.jboss.as.clustering.infinispan] (ServerService Thread Pool -- 63) WFLYCLINF0002: Started authorization cache from keycloak container
2023-02-01 01:09:58,391 INFO  [org.jboss.as.clustering.infinispan] (ServerService Thread Pool -- 64) WFLYCLINF0002: Started realms cache from keycloak container
2023-02-01 01:09:58,390 INFO  [org.jboss.as.clustering.infinispan] (ServerService Thread Pool -- 56) WFLYCLINF0002: Started users cache from keycloak container
2023-02-01 01:09:58,390 INFO  [org.jboss.as.clustering.infinispan] (ServerService Thread Pool -- 58) WFLYCLINF0002: Started keys cache from keycloak container
2023-02-01 01:09:58,463 WARN  [org.jboss.as.server.deployment] (MSC service thread 1-2) WFLYSRV0273: Excluded subsystem webservices via jboss-deployment-structure.xml does not exist.
2023-02-01 01:09:58,733 INFO  [org.keycloak.services] (ServerService Thread Pool -- 64) KC-SERVICES0001: Loading config from standalone.xml or domain.xml
2023-02-01 01:09:59,061 INFO  [org.keycloak.url.DefaultHostnameProviderFactory] (ServerService Thread Pool -- 64) Frontend: <request>, Admin: <frontend>, Backend: <request>
2023-02-01 01:09:59,167 INFO  [org.jboss.as.clustering.infinispan] (ServerService Thread Pool -- 64) WFLYCLINF0002: Started realmRevisions cache from keycloak container
2023-02-01 01:09:59,173 INFO  [org.jboss.as.clustering.infinispan] (ServerService Thread Pool -- 64) WFLYCLINF0002: Started userRevisions cache from keycloak container
2023-02-01 01:09:59,179 INFO  [org.jboss.as.clustering.infinispan] (ServerService Thread Pool -- 64) WFLYCLINF0002: Started authorizationRevisions cache from keycloak container
2023-02-01 01:09:59,180 INFO  [org.keycloak.connections.infinispan.DefaultInfinispanConnectionProviderFactory] (ServerService Thread Pool -- 64) Node name: mbp-de-user, Site name: null
2023-02-01 01:10:00,351 INFO  [org.keycloak.connections.jpa.DefaultJpaConnectionProviderFactory] (ServerService Thread Pool -- 64) Database info: {databaseUrl=jdbc:h2:/Users/user/desktop/ads/ProjetDemoKeycloak/keycloak-16.1.1/standalone/data/keycloak, databaseUser=SA, databaseProduct=H2 1.4.197 (2018-03-18), databaseDriver=H2 JDBC Driver 1.4.197 (2018-03-18)}
2023-02-01 01:10:01,256 INFO  [org.hibernate.jpa.internal.util.LogHelper] (ServerService Thread Pool -- 64) HHH000204: Processing PersistenceUnitInfo [
	name: keycloak-default
	...]
2023-02-01 01:10:01,308 INFO  [org.hibernate.Version] (ServerService Thread Pool -- 64) HHH000412: Hibernate Core {5.3.24.Final}
2023-02-01 01:10:01,309 INFO  [org.hibernate.cfg.Environment] (ServerService Thread Pool -- 64) HHH000206: hibernate.properties not found
2023-02-01 01:10:01,451 INFO  [org.hibernate.annotations.common.Version] (ServerService Thread Pool -- 64) HCANN000001: Hibernate Commons Annotations {5.0.5.Final}
2023-02-01 01:10:01,585 INFO  [org.hibernate.dialect.Dialect] (ServerService Thread Pool -- 64) HHH000400: Using dialect: org.hibernate.dialect.H2Dialect
2023-02-01 01:10:01,621 INFO  [org.hibernate.envers.boot.internal.EnversServiceImpl] (ServerService Thread Pool -- 64) Envers integration enabled? : true
2023-02-01 01:10:01,870 INFO  [org.hibernate.orm.beans] (ServerService Thread Pool -- 64) HHH10005002: No explicit CDI BeanManager reference was passed to Hibernate, but CDI is available on the Hibernate ClassLoader.
2023-02-01 01:10:02,082 INFO  [org.hibernate.validator.internal.util.Version] (ServerService Thread Pool -- 64) HV000001: Hibernate Validator 6.0.22.Final
2023-02-01 01:10:02,929 INFO  [org.hibernate.hql.internal.QueryTranslatorFactoryInitiator] (ServerService Thread Pool -- 64) HHH000397: Using ASTQueryTranslatorFactory
2023-02-01 01:10:03,780 INFO  [org.jboss.resteasy.resteasy_jaxrs.i18n] (ServerService Thread Pool -- 64) RESTEASY002225: Deploying javax.ws.rs.core.Application: class org.keycloak.services.resources.KeycloakApplication
2023-02-01 01:10:03,782 INFO  [org.jboss.resteasy.resteasy_jaxrs.i18n] (ServerService Thread Pool -- 64) RESTEASY002200: Adding class resource org.keycloak.services.resources.ThemeResource from Application class org.keycloak.services.resources.KeycloakApplication
2023-02-01 01:10:03,782 INFO  [org.jboss.resteasy.resteasy_jaxrs.i18n] (ServerService Thread Pool -- 64) RESTEASY002205: Adding provider class org.keycloak.services.error.KeycloakErrorHandler from Application class org.keycloak.services.resources.KeycloakApplication
2023-02-01 01:10:03,783 INFO  [org.jboss.resteasy.resteasy_jaxrs.i18n] (ServerService Thread Pool -- 64) RESTEASY002205: Adding provider class org.keycloak.services.filters.KeycloakSecurityHeadersFilter from Application class org.keycloak.services.resources.KeycloakApplication
2023-02-01 01:10:03,783 INFO  [org.jboss.resteasy.resteasy_jaxrs.i18n] (ServerService Thread Pool -- 64) RESTEASY002200: Adding class resource org.keycloak.services.resources.JsResource from Application class org.keycloak.services.resources.KeycloakApplication
2023-02-01 01:10:03,783 INFO  [org.jboss.resteasy.resteasy_jaxrs.i18n] (ServerService Thread Pool -- 64) RESTEASY002220: Adding singleton resource org.keycloak.services.resources.RealmsResource from Application class org.keycloak.services.resources.KeycloakApplication
2023-02-01 01:10:03,783 INFO  [org.jboss.resteasy.resteasy_jaxrs.i18n] (ServerService Thread Pool -- 64) RESTEASY002210: Adding provider singleton org.keycloak.services.util.ObjectMapperResolver from Application class org.keycloak.services.resources.KeycloakApplication
2023-02-01 01:10:03,783 INFO  [org.jboss.resteasy.resteasy_jaxrs.i18n] (ServerService Thread Pool -- 64) RESTEASY002220: Adding singleton resource org.keycloak.services.resources.WelcomeResource from Application class org.keycloak.services.resources.KeycloakApplication
2023-02-01 01:10:03,783 INFO  [org.jboss.resteasy.resteasy_jaxrs.i18n] (ServerService Thread Pool -- 64) RESTEASY002220: Adding singleton resource org.keycloak.services.resources.admin.AdminRoot from Application class org.keycloak.services.resources.KeycloakApplication
2023-02-01 01:10:03,783 INFO  [org.jboss.resteasy.resteasy_jaxrs.i18n] (ServerService Thread Pool -- 64) RESTEASY002220: Adding singleton resource org.keycloak.services.resources.RobotsResource from Application class org.keycloak.services.resources.KeycloakApplication
2023-02-01 01:10:03,871 INFO  [org.wildfly.extension.undertow] (ServerService Thread Pool -- 64) WFLYUT0021: Registered web context: '/auth' for server 'default-server'
2023-02-01 01:10:03,944 INFO  [org.jboss.as.server] (ServerService Thread Pool -- 42) WFLYSRV0010: Deployed "keycloak-server.war" (runtime-name : "keycloak-server.war")
2023-02-01 01:10:03,975 INFO  [org.jboss.as.server] (Controller Boot Thread) WFLYSRV0212: Resuming server
2023-02-01 01:10:03,977 INFO  [org.jboss.as] (Controller Boot Thread) WFLYSRV0025: Keycloak 16.1.1 (WildFly Core 18.0.4.Final) started in 8753ms - Started 573 of 851 services (576 services are lazy, passive or on-demand)
2023-02-01 01:10:03,979 INFO  [org.jboss.as] (Controller Boot Thread) WFLYSRV0060: Http management interface listening on http://127.0.0.1:9990/management
2023-02-01 01:10:03,979 INFO  [org.jboss.as] (Controller Boot Thread) WFLYSRV0051: Admin console listening on http://127.0.0.1:9990
2023-02-01 01:10:04,313 WARN  [org.keycloak.events] (default task-2) type=REFRESH_TOKEN_ERROR, realmId=master, clientId=security-admin-console, userId=de65245e-7276-4945-af4a-5333f26ca143, ipAddress=127.0.0.1, error=invalid_token, grant_type=refresh_token, refresh_token_type=Refresh, refresh_token_id=944cfef2-379b-4eb0-abe6-783d6e8b1379, client_auth_method=client-secret
2023-02-01 01:20:56,992 INFO  [org.jboss.as.server] (Thread-2) WFLYSRV0272: Suspending server
2023-02-01 01:20:56,995 INFO  [org.jboss.as.ejb3] (Thread-2) WFLYEJB0493: Jakarta Enterprise Beans subsystem suspension complete
2023-02-01 01:20:56,999 INFO  [org.jboss.as.server] (Thread-2) WFLYSRV0220: Server shutdown has been requested via an OS signal
2023-02-01 01:20:57,012 INFO  [org.jboss.as.connector.subsystems.datasources] (MSC service thread 1-1) WFLYJCA0010: Unbound data source [java:jboss/datasources/KeycloakDS]
2023-02-01 01:20:57,013 INFO  [org.jboss.as.mail.extension] (MSC service thread 1-8) WFLYMAIL0002: Unbound mail session [java:jboss/mail/Default]
2023-02-01 01:20:57,014 INFO  [org.wildfly.extension.undertow] (MSC service thread 1-1) WFLYUT0008: Undertow HTTPS listener https suspending
2023-02-01 01:20:57,016 INFO  [org.wildfly.extension.undertow] (ServerService Thread Pool -- 67) WFLYUT0022: Unregistered web context: '/auth' from server 'default-server'
2023-02-01 01:20:57,016 INFO  [org.wildfly.extension.undertow] (MSC service thread 1-1) WFLYUT0007: Undertow HTTPS listener https stopped, was bound to 127.0.0.1:8443
2023-02-01 01:20:57,027 INFO  [org.jboss.as.connector.subsystems.datasources] (MSC service thread 1-8) WFLYJCA0010: Unbound data source [java:jboss/datasources/ExampleDS]
2023-02-01 01:20:57,027 INFO  [org.wildfly.extension.undertow] (MSC service thread 1-7) WFLYUT0019: Host default-host stopping
2023-02-01 01:20:57,028 INFO  [org.jboss.as.connector.deployers.jdbc] (MSC service thread 1-8) WFLYJCA0019: Stopped Driver service with driver-name = h2
2023-02-01 01:20:57,037 INFO  [org.jboss.as.clustering.infinispan] (ServerService Thread Pool -- 68) WFLYCLINF0003: Stopped offlineClientSessions cache from keycloak container
2023-02-01 01:20:57,037 INFO  [org.jboss.as.clustering.infinispan] (ServerService Thread Pool -- 74) WFLYCLINF0003: Stopped offlineSessions cache from keycloak container
2023-02-01 01:20:57,038 INFO  [org.jboss.as.clustering.infinispan] (ServerService Thread Pool -- 73) WFLYCLINF0003: Stopped actionTokens cache from keycloak container
2023-02-01 01:20:57,040 INFO  [org.wildfly.extension.undertow] (MSC service thread 1-8) WFLYUT0008: Undertow HTTP listener default suspending
2023-02-01 01:20:57,040 INFO  [org.jboss.as.server.deployment] (MSC service thread 1-4) WFLYSRV0028: Stopped deployment keycloak-server.war (runtime-name: keycloak-server.war) in 38ms
2023-02-01 01:20:57,041 INFO  [org.wildfly.extension.undertow] (MSC service thread 1-8) WFLYUT0007: Undertow HTTP listener default stopped, was bound to 127.0.0.1:8080
2023-02-01 01:20:57,041 INFO  [org.jboss.as.clustering.infinispan] (ServerService Thread Pool -- 71) WFLYCLINF0003: Stopped keys cache from keycloak container
2023-02-01 01:20:57,041 INFO  [org.jboss.as.clustering.infinispan] (ServerService Thread Pool -- 64) WFLYCLINF0003: Stopped authenticationSessions cache from keycloak container
2023-02-01 01:20:57,041 INFO  [org.wildfly.extension.undertow] (MSC service thread 1-4) WFLYUT0004: Undertow 2.2.14.Final stopping
2023-02-01 01:20:57,042 INFO  [org.jboss.as.clustering.infinispan] (ServerService Thread Pool -- 77) WFLYCLINF0003: Stopped loginFailures cache from keycloak container
2023-02-01 01:20:57,042 INFO  [org.jboss.as.clustering.infinispan] (ServerService Thread Pool -- 70) WFLYCLINF0003: Stopped work cache from keycloak container
2023-02-01 01:20:57,042 INFO  [org.jboss.as.clustering.infinispan] (ServerService Thread Pool -- 78) WFLYCLINF0003: Stopped sessions cache from keycloak container
2023-02-01 01:20:57,042 INFO  [org.jboss.as.clustering.infinispan] (ServerService Thread Pool -- 72) WFLYCLINF0003: Stopped clientSessions cache from keycloak container
2023-02-01 01:20:57,049 INFO  [org.jboss.as.clustering.infinispan] (ServerService Thread Pool -- 67) WFLYCLINF0003: Stopped http-remoting-connector cache from ejb container
2023-02-01 01:20:57,049 INFO  [org.jboss.as.clustering.infinispan] (ServerService Thread Pool -- 69) WFLYCLINF0003: Stopped users cache from keycloak container
2023-02-01 01:20:57,049 INFO  [org.jboss.as.clustering.infinispan] (ServerService Thread Pool -- 75) WFLYCLINF0003: Stopped authorization cache from keycloak container
2023-02-01 01:20:57,050 INFO  [org.infinispan.manager.DefaultCacheManager] (ServerService Thread Pool -- 75) Stopping cache manager null on null
2023-02-01 01:20:57,050 INFO  [org.jboss.as.clustering.infinispan] (ServerService Thread Pool -- 76) WFLYCLINF0003: Stopped realms cache from keycloak container
2023-02-01 01:20:57,051 INFO  [org.infinispan.manager.DefaultCacheManager] (ServerService Thread Pool -- 76) Stopping cache manager null on null
2023-02-01 01:20:57,060 INFO  [org.jboss.as] (MSC service thread 1-1) WFLYSRV0050: Keycloak 16.1.1 (WildFly Core 18.0.4.Final) stopped in 58ms
